<?xml version="1.0" encoding="UTF-8"?>
<!-- Generated by org.testng.reporters.JUnitXMLReporter -->
<testsuite ignored="0" hostname="THARUN" failures="1" tests="40" name="Test" time="103.843" errors="0" timestamp="2025-09-08T16:16:10 IST">
  <testcase classname="tests.BagistoStepByStepTest" name="openAdminPanel" time="3.946"/>
  <testcase classname="tests.BagistoStepByStepTest" name="enterEmail" time="0.736"/>
  <testcase classname="tests.BagistoStepByStepTest" name="enterPassword" time="0.212"/>
  <testcase classname="tests.BagistoStepByStepTest" name="clickSignIn" time="0.171"/>
  <testcase classname="tests.BagistoStepByStepTest" name="enableDarkMode" time="3.413"/>
  <testcase classname="tests.BagistoStepByStepTest" name="openCalendar" time="0.185"/>
  <testcase classname="tests.BagistoStepByStepTest" name="selectToday" time="0.764"/>
  <testcase classname="tests.BagistoStepByStepTest" name="openNotifications" time="0.202"/>
  <testcase classname="tests.BagistoStepByStepTest" name="clickViewAllNotifications" time="1.981"/>
  <testcase classname="tests.BagistoStepByStepTest" name="searchCustomer" time="3.18"/>
  <testcase classname="tests.BagistoStepByStepTest" name="clickCustomersDiv" time="0.098"/>
  <testcase classname="tests.BagistoStepByStepTest" name="waitForSearchResults" time="0.036"/>
  <testcase classname="tests.BagistoStepByStepTest" name="clickFirstSearchResult" time="3.182"/>
  <testcase classname="tests.BagistoStepByStepTest" name="waitForDeleteIcon" time="0.149"/>
  <testcase classname="tests.BagistoStepByStepTest" name="clickDeleteIcon" time="0.385"/>
  <testcase classname="tests.BagistoStepByStepTest" name="waitForAgreeBtn" time="0.068"/>
  <testcase classname="tests.BagistoStepByStepTest" name="clickAgreeBtn" time="0.201"/>
  <testcase classname="tests.BagistoStepByStepTest" name="goToCustomersMenu" time="8.089"/>
  <testcase classname="tests.BagistoStepByStepTest" name="clickCustomersSubMenu" time="1.936"/>
  <testcase classname="tests.BagistoStepByStepTest" name="clickCreateCustomerBtn" time="0.222"/>
  <testcase classname="tests.BagistoStepByStepTest" name="enterFirstName" time="0.181"/>
  <testcase classname="tests.BagistoStepByStepTest" name="enterLastName" time="0.137"/>
  <testcase classname="tests.BagistoStepByStepTest" name="enterCustomerEmail" time="0.158"/>
  <testcase classname="tests.BagistoStepByStepTest" name="selectGender" time="0.176"/>
  <testcase classname="tests.BagistoStepByStepTest" name="clickSaveCustomerBtn" time="4.15"/>
  <testcase classname="tests.BagistoStepByStepTest" name="clickNewCustomerLogin" time="0.201"/>
  <testcase classname="tests.BagistoStepByStepTest" name="clickAddress" time="10.304"/>
  <testcase classname="tests.BagistoStepByStepTest" name="clickAddAddressBtn" time="4.185"/>
  <testcase classname="tests.BagistoStepByStepTest" name="enterAddressFirstName" time="0.154"/>
  <testcase classname="tests.BagistoStepByStepTest" name="enterAddressLastName" time="0.14"/>
  <testcase classname="tests.BagistoStepByStepTest" name="enterAddressEmail" time="0.201"/>
  <testcase classname="tests.BagistoStepByStepTest" name="enterStreetAddress" time="0.153"/>
  <testcase classname="tests.BagistoStepByStepTest" name="selectCountry" time="0.164"/>
  <testcase classname="tests.BagistoStepByStepTest" name="selectState" time="0.165"/>
  <testcase classname="tests.BagistoStepByStepTest" name="enterCity" time="0.143"/>
  <testcase classname="tests.BagistoStepByStepTest" name="enterPostCode" time="0.131"/>
  <testcase classname="tests.BagistoStepByStepTest" name="enterPhone" time="0.15"/>
  <testcase classname="tests.BagistoStepByStepTest" name="clickSaveAddressBtn" time="15.42">
    <failure type="org.openqa.selenium.TimeoutException" message="Expected condition failed: waiting for element to be clickable: By.xpath: //button[contains(text(),&amp;apos;Saves&amp;apos;)] (tried for 15 second(s) with 500 milliseconds interval)
Build info: version: &amp;apos;4.34.0&amp;apos;, revision: &amp;apos;707dcb4246*&amp;apos;
System info: os.name: &amp;apos;Windows 11&amp;apos;, os.arch: &amp;apos;amd64&amp;apos;, os.version: &amp;apos;10.0&amp;apos;, java.version: &amp;apos;21.0.7&amp;apos;
Driver info: org.openqa.selenium.chrome.ChromeDriver
Capabilities {acceptInsecureCerts: false, browserName: chrome, browserVersion: 140.0.7339.81, chrome: {chromedriverVersion: 140.0.7339.80 (670b6f192f46..., userDataDir: C:\Users\kesir\AppData\Loca...}, fedcm:accounts: true, goog:chromeOptions: {debuggerAddress: localhost:56671}, networkConnectionEnabled: false, pageLoadStrategy: normal, platformName: windows, proxy: Proxy(), se:cdp: ws://localhost:56671/devtoo..., se:cdpVersion: 140.0.7339.81, setWindowRect: true, strictFileInteractability: false, timeouts: {implicit: 0, pageLoad: 300000, script: 30000}, unhandledPromptBehavior: dismiss and notify, webauthn:extension:credBlob: true, webauthn:extension:largeBlob: true, webauthn:extension:minPinLength: true, webauthn:extension:prf: true, webauthn:virtualAuthenticators: true}
Session ID: 08eabf6e2f6302c0d42d417e69faedbd">
      <![CDATA[org.openqa.selenium.TimeoutException: Expected condition failed: waiting for element to be clickable: By.xpath: //button[contains(text(),'Saves')] (tried for 15 second(s) with 500 milliseconds interval)
Build info: version: '4.34.0', revision: '707dcb4246*'
System info: os.name: 'Windows 11', os.arch: 'amd64', os.version: '10.0', java.version: '21.0.7'
Driver info: org.openqa.selenium.chrome.ChromeDriver
Capabilities {acceptInsecureCerts: false, browserName: chrome, browserVersion: 140.0.7339.81, chrome: {chromedriverVersion: 140.0.7339.80 (670b6f192f46..., userDataDir: C:\Users\kesir\AppData\Loca...}, fedcm:accounts: true, goog:chromeOptions: {debuggerAddress: localhost:56671}, networkConnectionEnabled: false, pageLoadStrategy: normal, platformName: windows, proxy: Proxy(), se:cdp: ws://localhost:56671/devtoo..., se:cdpVersion: 140.0.7339.81, setWindowRect: true, strictFileInteractability: false, timeouts: {implicit: 0, pageLoad: 300000, script: 30000}, unhandledPromptBehavior: dismiss and notify, webauthn:extension:credBlob: true, webauthn:extension:largeBlob: true, webauthn:extension:minPinLength: true, webauthn:extension:prf: true, webauthn:virtualAuthenticators: true}
Session ID: 08eabf6e2f6302c0d42d417e69faedbd
at org.openqa.selenium.support.ui.WebDriverWait.timeoutException(WebDriverWait.java:84)
at org.openqa.selenium.support.ui.FluentWait.until(FluentWait.java:228)
at pages.AddressPage.clickSaveBtn(AddressPage.java:117)
at tests.BagistoStepByStepTest.clickSaveAddressBtn(BagistoStepByStepTest.java:206)
at java.base/java.util.ArrayList.forEach(ArrayList.java:1596)
... Removed 25 stack frames]]>
    </failure>
  </testcase> <!-- clickSaveAddressBtn -->
  <testcase classname="tests.RegExcel" name="signupTest" time="10.144"/>
  <testcase classname="tests.RegExcel" name="signupTest" time="12.116"/>
</testsuite> <!-- Test -->
