<?xml version="1.0" encoding="UTF-8"?>
<!-- Generated by org.testng.reporters.JUnitXMLReporter -->
<testsuite ignored="0" hostname="THARUN" failures="1" tests="38" name="Default test" time="60.75" errors="0" timestamp="2025-09-08T16:09:40 IST">
  <testcase classname="tests.BagistoStepByStepTest" name="openAdminPanel" time="3.166"/>
  <testcase classname="tests.BagistoStepByStepTest" name="enterEmail" time="0.427"/>
  <testcase classname="tests.BagistoStepByStepTest" name="enterPassword" time="0.242"/>
  <testcase classname="tests.BagistoStepByStepTest" name="clickSignIn" time="3.314"/>
  <testcase classname="tests.BagistoStepByStepTest" name="enableDarkMode" time="0.485"/>
  <testcase classname="tests.BagistoStepByStepTest" name="openCalendar" time="0.452"/>
  <testcase classname="tests.BagistoStepByStepTest" name="selectToday" time="0.453"/>
  <testcase classname="tests.BagistoStepByStepTest" name="openNotifications" time="0.261"/>
  <testcase classname="tests.BagistoStepByStepTest" name="clickViewAllNotifications" time="1.916"/>
  <testcase classname="tests.BagistoStepByStepTest" name="searchCustomer" time="3.295"/>
  <testcase classname="tests.BagistoStepByStepTest" name="clickCustomersDiv" time="0.131"/>
  <testcase classname="tests.BagistoStepByStepTest" name="waitForSearchResults" time="0.081"/>
  <testcase classname="tests.BagistoStepByStepTest" name="clickFirstSearchResult" time="2.731"/>
  <testcase classname="tests.BagistoStepByStepTest" name="waitForDeleteIcon" time="0.169"/>
  <testcase classname="tests.BagistoStepByStepTest" name="clickDeleteIcon" time="0.334"/>
  <testcase classname="tests.BagistoStepByStepTest" name="waitForAgreeBtn" time="0.072"/>
  <testcase classname="tests.BagistoStepByStepTest" name="clickAgreeBtn" time="2.503"/>
  <testcase classname="tests.BagistoStepByStepTest" name="goToCustomersMenu" time="1.994"/>
  <testcase classname="tests.BagistoStepByStepTest" name="clickCustomersSubMenu" time="2.058"/>
  <testcase classname="tests.BagistoStepByStepTest" name="clickCreateCustomerBtn" time="0.261"/>
  <testcase classname="tests.BagistoStepByStepTest" name="enterFirstName" time="0.236"/>
  <testcase classname="tests.BagistoStepByStepTest" name="enterLastName" time="0.165"/>
  <testcase classname="tests.BagistoStepByStepTest" name="enterCustomerEmail" time="0.249"/>
  <testcase classname="tests.BagistoStepByStepTest" name="selectGender" time="0.243"/>
  <testcase classname="tests.BagistoStepByStepTest" name="clickSaveCustomerBtn" time="4.219"/>
  <testcase classname="tests.BagistoStepByStepTest" name="clickNewCustomerLogin" time="0.302"/>
  <testcase classname="tests.BagistoStepByStepTest" name="clickAddress" time="4.393"/>
  <testcase classname="tests.BagistoStepByStepTest" name="clickAddAddressBtn" time="2.039"/>
  <testcase classname="tests.BagistoStepByStepTest" name="enterAddressFirstName" time="0.167"/>
  <testcase classname="tests.BagistoStepByStepTest" name="enterAddressLastName" time="0.207"/>
  <testcase classname="tests.BagistoStepByStepTest" name="enterAddressEmail" time="0.227"/>
  <testcase classname="tests.BagistoStepByStepTest" name="enterStreetAddress" time="0.181"/>
  <testcase classname="tests.BagistoStepByStepTest" name="selectCountry" time="0.194"/>
  <testcase classname="tests.BagistoStepByStepTest" name="selectState" time="0.175"/>
  <testcase classname="tests.BagistoStepByStepTest" name="enterCity" time="0.193"/>
  <testcase classname="tests.BagistoStepByStepTest" name="enterPostCode" time="0.219"/>
  <testcase classname="tests.BagistoStepByStepTest" name="enterPhone" time="0.175"/>
  <testcase classname="tests.BagistoStepByStepTest" name="clickSaveAddressBtn" time="15.395">
    <failure type="org.openqa.selenium.TimeoutException" message="Expected condition failed: waiting for element to be clickable: By.xpath: //button[contains(text(),&amp;apos;Saves&amp;apos;)] (tried for 15 second(s) with 500 milliseconds interval)
Build info: version: &amp;apos;4.34.0&amp;apos;, revision: &amp;apos;707dcb4246*&amp;apos;
System info: os.name: &amp;apos;Windows 11&amp;apos;, os.arch: &amp;apos;amd64&amp;apos;, os.version: &amp;apos;10.0&amp;apos;, java.version: &amp;apos;21.0.7&amp;apos;
Driver info: org.openqa.selenium.chrome.ChromeDriver
Capabilities {acceptInsecureCerts: false, browserName: chrome, browserVersion: 140.0.7339.81, chrome: {chromedriverVersion: 140.0.7339.80 (670b6f192f46..., userDataDir: C:\Users\kesir\AppData\Loca...}, fedcm:accounts: true, goog:chromeOptions: {debuggerAddress: localhost:53218}, networkConnectionEnabled: false, pageLoadStrategy: normal, platformName: windows, proxy: Proxy(), se:cdp: ws://localhost:53218/devtoo..., se:cdpVersion: 140.0.7339.81, setWindowRect: true, strictFileInteractability: false, timeouts: {implicit: 0, pageLoad: 300000, script: 30000}, unhandledPromptBehavior: dismiss and notify, webauthn:extension:credBlob: true, webauthn:extension:largeBlob: true, webauthn:extension:minPinLength: true, webauthn:extension:prf: true, webauthn:virtualAuthenticators: true}
Session ID: 1eca18fa6dcc13ba39a9ab03057b5423">
      <![CDATA[org.openqa.selenium.TimeoutException: Expected condition failed: waiting for element to be clickable: By.xpath: //button[contains(text(),'Saves')] (tried for 15 second(s) with 500 milliseconds interval)
Build info: version: '4.34.0', revision: '707dcb4246*'
System info: os.name: 'Windows 11', os.arch: 'amd64', os.version: '10.0', java.version: '21.0.7'
Driver info: org.openqa.selenium.chrome.ChromeDriver
Capabilities {acceptInsecureCerts: false, browserName: chrome, browserVersion: 140.0.7339.81, chrome: {chromedriverVersion: 140.0.7339.80 (670b6f192f46..., userDataDir: C:\Users\kesir\AppData\Loca...}, fedcm:accounts: true, goog:chromeOptions: {debuggerAddress: localhost:53218}, networkConnectionEnabled: false, pageLoadStrategy: normal, platformName: windows, proxy: Proxy(), se:cdp: ws://localhost:53218/devtoo..., se:cdpVersion: 140.0.7339.81, setWindowRect: true, strictFileInteractability: false, timeouts: {implicit: 0, pageLoad: 300000, script: 30000}, unhandledPromptBehavior: dismiss and notify, webauthn:extension:credBlob: true, webauthn:extension:largeBlob: true, webauthn:extension:minPinLength: true, webauthn:extension:prf: true, webauthn:virtualAuthenticators: true}
Session ID: 1eca18fa6dcc13ba39a9ab03057b5423
at org.openqa.selenium.support.ui.WebDriverWait.timeoutException(WebDriverWait.java:84)
at org.openqa.selenium.support.ui.FluentWait.until(FluentWait.java:228)
at pages.AddressPage.clickSaveBtn(AddressPage.java:117)
at tests.BagistoStepByStepTest.clickSaveAddressBtn(BagistoStepByStepTest.java:206)
at java.base/jdk.internal.reflect.DirectMethodHandleAccessor.invoke(DirectMethodHandleAccessor.java:103)
at java.base/java.lang.reflect.Method.invoke(Method.java:580)
at org.testng.internal.invokers.MethodInvocationHelper.invokeMethod(MethodInvocationHelper.java:141)
at org.testng.internal.invokers.TestInvoker.invokeMethod(TestInvoker.java:687)
at org.testng.internal.invokers.TestInvoker.invokeTestMethod(TestInvoker.java:230)
at org.testng.internal.invokers.MethodRunner.runInSequence(MethodRunner.java:63)
at org.testng.internal.invokers.TestInvoker$MethodInvocationAgent.invoke(TestInvoker.java:995)
at org.testng.internal.invokers.TestInvoker.invokeTestMethods(TestInvoker.java:203)
at org.testng.internal.invokers.TestMethodWorker.invokeTestMethods(TestMethodWorker.java:154)
at org.testng.internal.invokers.TestMethodWorker.run(TestMethodWorker.java:134)
at java.base/java.util.ArrayList.forEach(ArrayList.java:1596)
at org.testng.TestRunner.privateRun(TestRunner.java:741)
at org.testng.TestRunner.run(TestRunner.java:616)
at org.testng.SuiteRunner.runTest(SuiteRunner.java:421)
at org.testng.SuiteRunner.runSequentially(SuiteRunner.java:413)
at org.testng.SuiteRunner.privateRun(SuiteRunner.java:373)
at org.testng.SuiteRunner.run(SuiteRunner.java:312)
at org.testng.SuiteRunnerWorker.runSuite(SuiteRunnerWorker.java:52)
at org.testng.SuiteRunnerWorker.run(SuiteRunnerWorker.java:95)
at org.testng.TestNG.runSuitesSequentially(TestNG.java:1274)
at org.testng.TestNG.runSuitesLocally(TestNG.java:1208)
at org.testng.TestNG.runSuites(TestNG.java:1112)
at org.testng.TestNG.run(TestNG.java:1079)
at org.testng.remote.AbstractRemoteTestNG.run(AbstractRemoteTestNG.java:115)
at org.testng.remote.RemoteTestNG.initAndRun(RemoteTestNG.java:293)
at org.testng.remote.RemoteTestNG.main(RemoteTestNG.java:91)
]]>
    </failure>
  </testcase> <!-- clickSaveAddressBtn -->
</testsuite> <!-- Default test -->
