<?xml version="1.0" encoding="UTF-8"?>
<!-- Generated by org.testng.reporters.JUnitReportReporter -->
<testsuite hostname="THARUN" failures="0" tests="38" name="tests.BagistoStepByStepTest" time="65.847" errors="1" timestamp="2025-09-08T16:16:12 IST" skipped="0">
  <testcase classname="tests.BagistoStepByStepTest" name="openAdminPanel" time="3.948"/>
  <testcase classname="tests.BagistoStepByStepTest" name="enterEmail" time="0.738"/>
  <testcase classname="tests.BagistoStepByStepTest" name="enterPassword" time="0.212"/>
  <testcase classname="tests.BagistoStepByStepTest" name="clickSignIn" time="0.174"/>
  <testcase classname="tests.BagistoStepByStepTest" name="enableDarkMode" time="3.414"/>
  <testcase classname="tests.BagistoStepByStepTest" name="openCalendar" time="0.187"/>
  <testcase classname="tests.BagistoStepByStepTest" name="selectToday" time="1.041"/>
  <testcase classname="tests.BagistoStepByStepTest" name="openNotifications" time="0.203"/>
  <testcase classname="tests.BagistoStepByStepTest" name="clickViewAllNotifications" time="1.984"/>
  <testcase classname="tests.BagistoStepByStepTest" name="searchCustomer" time="3.214"/>
  <testcase classname="tests.BagistoStepByStepTest" name="clickCustomersDiv" time="0.099"/>
  <testcase classname="tests.BagistoStepByStepTest" name="waitForSearchResults" time="0.039"/>
  <testcase classname="tests.BagistoStepByStepTest" name="clickFirstSearchResult" time="3.184"/>
  <testcase classname="tests.BagistoStepByStepTest" name="waitForDeleteIcon" time="0.160"/>
  <testcase classname="tests.BagistoStepByStepTest" name="clickDeleteIcon" time="0.386"/>
  <testcase classname="tests.BagistoStepByStepTest" name="waitForAgreeBtn" time="0.071"/>
  <testcase classname="tests.BagistoStepByStepTest" name="clickAgreeBtn" time="0.201"/>
  <testcase classname="tests.BagistoStepByStepTest" name="goToCustomersMenu" time="8.090"/>
  <testcase classname="tests.BagistoStepByStepTest" name="clickCustomersSubMenu" time="1.936"/>
  <testcase classname="tests.BagistoStepByStepTest" name="clickCreateCustomerBtn" time="0.223"/>
  <testcase classname="tests.BagistoStepByStepTest" name="enterFirstName" time="0.183"/>
  <testcase classname="tests.BagistoStepByStepTest" name="enterLastName" time="0.137"/>
  <testcase classname="tests.BagistoStepByStepTest" name="enterCustomerEmail" time="0.159"/>
  <testcase classname="tests.BagistoStepByStepTest" name="selectGender" time="0.179"/>
  <testcase classname="tests.BagistoStepByStepTest" name="clickSaveCustomerBtn" time="4.155"/>
  <testcase classname="tests.BagistoStepByStepTest" name="clickNewCustomerLogin" time="0.202"/>
  <testcase classname="tests.BagistoStepByStepTest" name="clickAddress" time="10.305"/>
  <testcase classname="tests.BagistoStepByStepTest" name="clickAddAddressBtn" time="4.186"/>
  <testcase classname="tests.BagistoStepByStepTest" name="enterAddressFirstName" time="0.155"/>
  <testcase classname="tests.BagistoStepByStepTest" name="enterAddressLastName" time="0.141"/>
  <testcase classname="tests.BagistoStepByStepTest" name="enterAddressEmail" time="0.203"/>
  <testcase classname="tests.BagistoStepByStepTest" name="enterStreetAddress" time="0.154"/>
  <testcase classname="tests.BagistoStepByStepTest" name="selectCountry" time="0.165"/>
  <testcase classname="tests.BagistoStepByStepTest" name="selectState" time="0.167"/>
  <testcase classname="tests.BagistoStepByStepTest" name="enterCity" time="0.145"/>
  <testcase classname="tests.BagistoStepByStepTest" name="enterPostCode" time="0.134"/>
  <testcase classname="tests.BagistoStepByStepTest" name="enterPhone" time="0.152"/>
  <testcase classname="tests.BagistoStepByStepTest" name="clickSaveAddressBtn" time="15.421">
    <error message="Expected condition failed: waiting for element to be clickable: By.xpath: //button[contains(text(),&#039;Saves&#039;)] (tried for 15 second(s) with 500 milliseconds interval)
Build info: version: &#039;4.34.0&#039;, revision: &#039;707dcb4246*&#039;
System info: os.name: &#039;Windows 11&#039;, os.arch: &#039;amd64&#039;, os.version: &#039;10.0&#039;, java.version: &#039;21.0.7&#039;
Driver info: org.openqa.selenium.chrome.ChromeDriver
Capabilities {acceptInsecureCerts: false, browserName: chrome, browserVersion: 140.0.7339.81, chrome: {chromedriverVersion: 140.0.7339.80 (670b6f192f46..., userDataDir: C:\Users\kesir\AppData\Loca...}, fedcm:accounts: true, goog:chromeOptions: {debuggerAddress: localhost:56671}, networkConnectionEnabled: false, pageLoadStrategy: normal, platformName: windows, proxy: Proxy(), se:cdp: ws://localhost:56671/devtoo..., se:cdpVersion: 140.0.7339.81, setWindowRect: true, strictFileInteractability: false, timeouts: {implicit: 0, pageLoad: 300000, script: 30000}, unhandledPromptBehavior: dismiss and notify, webauthn:extension:credBlob: true, webauthn:extension:largeBlob: true, webauthn:extension:minPinLength: true, webauthn:extension:prf: true, webauthn:virtualAuthenticators: true}
Session ID: 08eabf6e2f6302c0d42d417e69faedbd" type="org.openqa.selenium.TimeoutException">
      <![CDATA[org.openqa.selenium.TimeoutException: Expected condition failed: waiting for element to be clickable: By.xpath: //button[contains(text(),'Saves')] (tried for 15 second(s) with 500 milliseconds interval)
Build info: version: '4.34.0', revision: '707dcb4246*'
System info: os.name: 'Windows 11', os.arch: 'amd64', os.version: '10.0', java.version: '21.0.7'
Driver info: org.openqa.selenium.chrome.ChromeDriver
Capabilities {acceptInsecureCerts: false, browserName: chrome, browserVersion: 140.0.7339.81, chrome: {chromedriverVersion: 140.0.7339.80 (670b6f192f46..., userDataDir: C:\Users\kesir\AppData\Loca...}, fedcm:accounts: true, goog:chromeOptions: {debuggerAddress: localhost:56671}, networkConnectionEnabled: false, pageLoadStrategy: normal, platformName: windows, proxy: Proxy(), se:cdp: ws://localhost:56671/devtoo..., se:cdpVersion: 140.0.7339.81, setWindowRect: true, strictFileInteractability: false, timeouts: {implicit: 0, pageLoad: 300000, script: 30000}, unhandledPromptBehavior: dismiss and notify, webauthn:extension:credBlob: true, webauthn:extension:largeBlob: true, webauthn:extension:minPinLength: true, webauthn:extension:prf: true, webauthn:virtualAuthenticators: true}
Session ID: 08eabf6e2f6302c0d42d417e69faedbd
at org.openqa.selenium.support.ui.WebDriverWait.timeoutException(WebDriverWait.java:84)
at org.openqa.selenium.support.ui.FluentWait.until(FluentWait.java:228)
at pages.AddressPage.clickSaveBtn(AddressPage.java:117)
at tests.BagistoStepByStepTest.clickSaveAddressBtn(BagistoStepByStepTest.java:206)
at java.base/jdk.internal.reflect.DirectMethodHandleAccessor.invoke(DirectMethodHandleAccessor.java:103)
at java.base/java.lang.reflect.Method.invoke(Method.java:580)
at org.testng.internal.invokers.MethodInvocationHelper.invokeMethod(MethodInvocationHelper.java:141)
at org.testng.internal.invokers.TestInvoker.invokeMethod(TestInvoker.java:687)
at org.testng.internal.invokers.TestInvoker.invokeTestMethod(TestInvoker.java:230)
at org.testng.internal.invokers.MethodRunner.runInSequence(MethodRunner.java:63)
at org.testng.internal.invokers.TestInvoker$MethodInvocationAgent.invoke(TestInvoker.java:995)
at org.testng.internal.invokers.TestInvoker.invokeTestMethods(TestInvoker.java:203)
at org.testng.internal.invokers.TestMethodWorker.invokeTestMethods(TestMethodWorker.java:154)
at org.testng.internal.invokers.TestMethodWorker.run(TestMethodWorker.java:134)
at java.base/java.util.ArrayList.forEach(ArrayList.java:1596)
at org.testng.TestRunner.privateRun(TestRunner.java:741)
at org.testng.TestRunner.run(TestRunner.java:616)
at org.testng.SuiteRunner.runTest(SuiteRunner.java:421)
at org.testng.SuiteRunner.runSequentially(SuiteRunner.java:413)
at org.testng.SuiteRunner.privateRun(SuiteRunner.java:373)
at org.testng.SuiteRunner.run(SuiteRunner.java:312)
at org.testng.SuiteRunnerWorker.runSuite(SuiteRunnerWorker.java:52)
at org.testng.SuiteRunnerWorker.run(SuiteRunnerWorker.java:95)
at org.testng.TestNG.runSuitesSequentially(TestNG.java:1274)
at org.testng.TestNG.runSuitesLocally(TestNG.java:1208)
at org.testng.TestNG.runSuites(TestNG.java:1112)
at org.testng.TestNG.run(TestNG.java:1079)
at org.testng.remote.AbstractRemoteTestNG.run(AbstractRemoteTestNG.java:115)
at org.testng.remote.RemoteTestNG.initAndRun(RemoteTestNG.java:293)
at org.testng.remote.RemoteTestNG.main(RemoteTestNG.java:91)
]]>
    </error>
  </testcase> <!-- clickSaveAddressBtn -->
</testsuite> <!-- tests.BagistoStepByStepTest -->
